<?xml version="1.0" encoding="UTF-8"?>
<testsuite name="com.kodilla.patterns.prototype.BoardTestSuite" tests="1" skipped="0" failures="0" errors="0" timestamp="2021-03-01T11:06:27" hostname="PATI" time="0.09">
  <properties/>
  <testcase name="testToString()" classname="com.kodilla.patterns.prototype.BoardTestSuite" time="0.09"/>
  <system-out><![CDATA[Board{name='Project number 1', lists=[   List [In Progress Tasks]
      Task [In Progress Task nr 1]
      Task [In Progress Task nr 2]
      Task [In Progress Task nr 3]
      Task [In Progress Task nr 4]
      Task [In Progress Task nr 5]
      Task [In Progress Task nr 6]
      Task [In Progress Task nr 7]
      Task [In Progress Task nr 8]
      Task [In Progress Task nr 9]
      Task [In Progress Task nr 10],    List [Done Tasks]
      Task [Done Task nr 1]
      Task [Done Task nr 2]
      Task [Done Task nr 3]
      Task [Done Task nr 4]
      Task [Done Task nr 5]
      Task [Done Task nr 6]
      Task [Done Task nr 7]
      Task [Done Task nr 8]
      Task [Done Task nr 9]
      Task [Done Task nr 10]]}
Board{name='Project number 2', lists=[   List [In Progress Tasks]
      Task [In Progress Task nr 1]
      Task [In Progress Task nr 2]
      Task [In Progress Task nr 3]
      Task [In Progress Task nr 4]
      Task [In Progress Task nr 5]
      Task [In Progress Task nr 6]
      Task [In Progress Task nr 7]
      Task [In Progress Task nr 8]
      Task [In Progress Task nr 9]
      Task [In Progress Task nr 10],    List [Done Tasks]
      Task [Done Task nr 1]
      Task [Done Task nr 2]
      Task [Done Task nr 3]
      Task [Done Task nr 4]
      Task [Done Task nr 5]
      Task [Done Task nr 6]
      Task [Done Task nr 7]
      Task [Done Task nr 8]
      Task [Done Task nr 9]
      Task [Done Task nr 10]]}
Board{name='Project number 3', lists=[   List [To Do Tasks]
      Task [To Do Task nr 1]
      Task [To Do Task nr 2]
      Task [To Do Task nr 3]
      Task [To Do Task nr 4]
      Task [To Do Task nr 5]
      Task [To Do Task nr 6]
      Task [To Do Task nr 7]
      Task [To Do Task nr 8]
      Task [To Do Task nr 9]
      Task [To Do Task nr 10],    List [In Progress Tasks]
      Task [In Progress Task nr 1]
      Task [In Progress Task nr 2]
      Task [In Progress Task nr 3]
      Task [In Progress Task nr 4]
      Task [In Progress Task nr 5]
      Task [In Progress Task nr 6]
      Task [In Progress Task nr 7]
      Task [In Progress Task nr 8]
      Task [In Progress Task nr 9]
      Task [In Progress Task nr 10],    List [Done Tasks]
      Task [Done Task nr 1]
      Task [Done Task nr 2]
      Task [Done Task nr 3]
      Task [Done Task nr 4]
      Task [Done Task nr 5]
      Task [Done Task nr 6]
      Task [Done Task nr 7]
      Task [Done Task nr 8]
      Task [Done Task nr 9]
      Task [Done Task nr 10]]}
]]></system-out>
  <system-err><![CDATA[]]></system-err>
</testsuite>
