<?xml version="1.0" encoding="UTF-8"?>
<testsuite name="com.kodilla.patterns.factory.ShapeFactoryTestSuite" tests="1" skipped="0" failures="0" errors="0" timestamp="2021-03-01T11:06:27" hostname="PATI" time="0.006">
  <properties/>
  <testcase name="testFactoryCircle()" classname="com.kodilla.patterns.factory.ShapeFactoryTestSuite" time="0.006"/>
  <system-out><![CDATA[]]></system-out>
  <system-err><![CDATA[]]></system-err>
</testsuite>
