<?xml version="1.0" encoding="UTF-8"?>
<testsuite name="com.kodilla.patterns.strategy.social.UserTestSuite" tests="2" skipped="0" failures="0" errors="0" timestamp="2021-02-22T13:19:36" hostname="PATI" time="0.068">
  <properties/>
  <testcase name="testDefaultSharingStrategies()" classname="com.kodilla.patterns.strategy.social.UserTestSuite" time="0.059"/>
  <testcase name="testIndividualSharingStrategy()" classname="com.kodilla.patterns.strategy.social.UserTestSuite" time="0.005"/>
  <system-out><![CDATA[]]></system-out>
  <system-err><![CDATA[]]></system-err>
</testsuite>
