<?xml version="1.0" encoding="UTF-8"?>
<testsuite name="com.kodilla.patterns.builder.pizza.PizzaTestSuite" tests="1" skipped="0" failures="0" errors="0" timestamp="2021-03-01T11:06:27" hostname="PATI" time="0.016">
  <properties/>
  <testcase name="testPizzaNew()" classname="com.kodilla.patterns.builder.pizza.PizzaTestSuite" time="0.016"/>
  <system-out><![CDATA[Pizza{bottom='Thin', sauce='Spicy', ingredients=[Onion, Ham, Mushrooms]}
]]></system-out>
  <system-err><![CDATA[]]></system-err>
</testsuite>
