<?xml version="1.0" encoding="UTF-8"?>
<testsuite name="com.kodilla.patterns.prototype.library.LibraryTestSuite" tests="1" skipped="0" failures="0" errors="0" timestamp="2021-02-21T11:48:24" hostname="PATI" time="0.106">
  <properties/>
  <testcase name="testGetBooks()" classname="com.kodilla.patterns.prototype.library.LibraryTestSuite" time="0.106"/>
  <system-out><![CDATA[Library{name='library1', books=[Book{title='edc', author='rfv', publicationDate=1234-12-12}, Book{title='qaz', author='wsx', publicationDate=2020-12-12}, Book{title='tgb', author='yhn', publicationDate=1456-12-23}]}
Library{name='Library Clone', books=[Book{title='edc', author='rfv', publicationDate=1234-12-12}, Book{title='qaz', author='wsx', publicationDate=2020-12-12}, Book{title='tgb', author='yhn', publicationDate=1456-12-23}]}
Library{name='Library DeepClone', books=[Book{title='tgb', author='yhn', publicationDate=1456-12-23}, Book{title='qaz', author='wsx', publicationDate=2020-12-12}, Book{title='edc', author='rfv', publicationDate=1234-12-12}]}
]]></system-out>
  <system-err><![CDATA[]]></system-err>
</testsuite>
