<?xml version="1.0" encoding="UTF-8"?>
<testsuite name="com.kodilla.patterns.singleton.SettingsFileEngineTestSuite" tests="3" skipped="0" failures="0" errors="0" timestamp="2021-03-01T11:06:27" hostname="PATI" time="0.017">
  <properties/>
  <testcase name="testSaveSettings()" classname="com.kodilla.patterns.singleton.SettingsFileEngineTestSuite" time="0.003"/>
  <testcase name="testLoadSettings()" classname="com.kodilla.patterns.singleton.SettingsFileEngineTestSuite" time="0.001"/>
  <testcase name="testGetFileName()" classname="com.kodilla.patterns.singleton.SettingsFileEngineTestSuite" time="0.01"/>
  <system-out><![CDATA[Opening the settings file
Saving settings file
Loading settings file
Opened: myapp.settings
closing the settings file
]]></system-out>
  <system-err><![CDATA[]]></system-err>
</testsuite>
