<?xml version="1.0" encoding="UTF-8"?>
<testsuite name="com.kodilla.patterns.strategy.CustomerTestSuite" tests="2" skipped="0" failures="0" errors="0" timestamp="2021-03-01T11:06:27" hostname="PATI" time="0.008">
  <properties/>
  <testcase name="testIndividualInvestingStrategy()" classname="com.kodilla.patterns.strategy.CustomerTestSuite" time="0.005"/>
  <testcase name="testDefaultInvestingStrategies()" classname="com.kodilla.patterns.strategy.CustomerTestSuite" time="0.002"/>
  <system-out><![CDATA[]]></system-out>
  <system-err><![CDATA[]]></system-err>
</testsuite>
