<?xml version="1.0" encoding="UTF-8"?>
<testsuite name="com.kodilla.jdbc.DbManagerTestSuite" tests="3" skipped="0" failures="0" errors="0" timestamp="2021-03-02T10:34:31" hostname="PATI" time="1.157">
  <properties/>
  <testcase name="testSelectUsers()" classname="com.kodilla.jdbc.DbManagerTestSuite" time="0.959"/>
  <testcase name="testConnect()" classname="com.kodilla.jdbc.DbManagerTestSuite" time="0.033"/>
  <testcase name="testSelectUsersAndPosts()" classname="com.kodilla.jdbc.DbManagerTestSuite" time="0.063"/>
  <system-out><![CDATA[1, John, Smith
2, John, Smith
3, Adam, Nowak
4, Zachary, Lee
5, Stephanie, Kovalsky
6, Thomas, Landgren
11, John, Thomson
John, Smith
John, Smith
Zachary, Lee
]]></system-out>
  <system-err><![CDATA[]]></system-err>
</testsuite>
